<!DOCTYPE html>

<html>
  <head>
  <meta charset='utf-8'>
  <title>TestNG reports</title>

    <link type="text/css" href="testng-reports1.css" rel="stylesheet" id="ultra" />
    <link type="text/css" href="testng-reports.css" rel="stylesheet" id="retro" disabled="false"/>
    <script type="text/javascript" src="jquery.min.js"></script>
    <script type="text/javascript" src="testng-reports.js"></script>
    <script type="text/javascript" src="https://www.google.com/jsapi"></script>
    <script type='text/javascript'>
      google.load('visualization', '1', {packages:['table']});
      google.setOnLoadCallback(drawTable);
      var suiteTableInitFunctions = new Array();
      var suiteTableData = new Array();
    </script>
    <!--
      <script type="text/javascript" src="jquery-ui/js/jquery-ui-1.8.16.custom.min.js"></script>
     -->
  </head>

  <body>
    <div class="top-banner-root">
      <span class="top-banner-title-font">Test results</span>
      <button id="button" class="button">Switch Retro Theme</button> <!-- button -->
      <br/>
      <span class="top-banner-font-1">1 suite, 3 failed tests</span>
    </div> <!-- top-banner-root -->
    <div class="navigator-root">
      <div class="navigator-suite-header">
        <span>All suites</span>
        <a href="#" title="Collapse/expand all the suites" class="collapse-all-link">
          <img src="collapseall.gif" class="collapse-all-icon">
          </img> <!-- collapse-all-icon -->
        </a> <!-- collapse-all-link -->
      </div> <!-- navigator-suite-header -->
      <div class="suite">
        <div class="rounded-window">
          <div class="suite-header light-rounded-window-top">
            <a href="#" panel-name="suite-Alkeon_Regression_Suite" class="navigator-link">
              <span class="suite-name border-failed">Alkeon_Regression_Suite</span>
            </a> <!-- navigator-link -->
          </div> <!-- suite-header light-rounded-window-top -->
          <div class="navigator-suite-content">
            <div class="suite-section-title">
              <span>Info</span>
            </div> <!-- suite-section-title -->
            <div class="suite-section-content">
              <ul>
                <li>
                  <a href="#" panel-name="test-xml-Alkeon_Regression_Suite" class="navigator-link ">
                    <span>regression.xml</span>
                  </a> <!-- navigator-link  -->
                </li>
                <li>
                  <a href="#" panel-name="testlist-Alkeon_Regression_Suite" class="navigator-link ">
                    <span class="test-stats">2 tests</span>
                  </a> <!-- navigator-link  -->
                </li>
                <li>
                  <a href="#" panel-name="group-Alkeon_Regression_Suite" class="navigator-link ">
                    <span>0 groups</span>
                  </a> <!-- navigator-link  -->
                </li>
                <li>
                  <a href="#" panel-name="times-Alkeon_Regression_Suite" class="navigator-link ">
                    <span>Times</span>
                  </a> <!-- navigator-link  -->
                </li>
                <li>
                  <a href="#" panel-name="reporter-Alkeon_Regression_Suite" class="navigator-link ">
                    <span>Reporter output</span>
                  </a> <!-- navigator-link  -->
                </li>
                <li>
                  <a href="#" panel-name="ignored-methods-Alkeon_Regression_Suite" class="navigator-link ">
                    <span>Ignored methods</span>
                  </a> <!-- navigator-link  -->
                </li>
                <li>
                  <a href="#" panel-name="chronological-Alkeon_Regression_Suite" class="navigator-link ">
                    <span>Chronological view</span>
                  </a> <!-- navigator-link  -->
                </li>
              </ul>
            </div> <!-- suite-section-content -->
            <div class="result-section">
              <div class="suite-section-title">
                <span>Results</span>
              </div> <!-- suite-section-title -->
              <div class="suite-section-content">
                <ul>
                  <li>
                    <span class="method-stats">5 methods, 3 failed,   2 passed</span>
                  </li>
                  <li>
                    <span class="method-list-title failed">Failed methods</span>
                    <span class="show-or-hide-methods failed">
                      <a href="#" panel-name="suite-Alkeon_Regression_Suite" class="hide-methods failed suite-Alkeon_Regression_Suite"> (hide)</a> <!-- hide-methods failed suite-Alkeon_Regression_Suite -->
                      <a href="#" panel-name="suite-Alkeon_Regression_Suite" class="show-methods failed suite-Alkeon_Regression_Suite"> (show)</a> <!-- show-methods failed suite-Alkeon_Regression_Suite -->
                    </span>
                    <div class="method-list-content failed suite-Alkeon_Regression_Suite">
                      <span>
                        <img src="failed.png" width="3%"/>
                        <a href="#" panel-name="suite-Alkeon_Regression_Suite" title="com.qa.alkeon.tests.LandingPageTest" class="method navigator-link" hash-for-method="TC002_Verify_searchBrandOnLandingPage(adidas)">TC002_Verify_searchBrandOnLandingPage(adidas)</a> <!-- method navigator-link -->
                      </span>
                      <br/>
                      <span>
                        <img src="failed.png" width="3%"/>
                        <a href="#" panel-name="suite-Alkeon_Regression_Suite" title="com.qa.alkeon.tests.LandingPageTest" class="method navigator-link" hash-for-method="TC002_Verify_searchBrandOnLandingPage(Zivame)">TC002_Verify_searchBrandOnLandingPage(Zivame)</a> <!-- method navigator-link -->
                      </span>
                      <br/>
                      <span>
                        <img src="failed.png" width="3%"/>
                        <a href="#" panel-name="suite-Alkeon_Regression_Suite" title="com.qa.alkeon.tests.LoginPageTest" class="method navigator-link" hash-for-method="loginTest">loginTest</a> <!-- method navigator-link -->
                      </span>
                      <br/>
                    </div> <!-- method-list-content failed suite-Alkeon_Regression_Suite -->
                  </li>
                  <li>
                    <span class="method-list-title passed">Passed methods</span>
                    <span class="show-or-hide-methods passed">
                      <a href="#" panel-name="suite-Alkeon_Regression_Suite" class="hide-methods passed suite-Alkeon_Regression_Suite"> (hide)</a> <!-- hide-methods passed suite-Alkeon_Regression_Suite -->
                      <a href="#" panel-name="suite-Alkeon_Regression_Suite" class="show-methods passed suite-Alkeon_Regression_Suite"> (show)</a> <!-- show-methods passed suite-Alkeon_Regression_Suite -->
                    </span>
                    <div class="method-list-content passed suite-Alkeon_Regression_Suite">
                      <span>
                        <img src="passed.png" width="3%"/>
                        <a href="#" panel-name="suite-Alkeon_Regression_Suite" title="com.qa.alkeon.tests.LandingPageTest" class="method navigator-link" hash-for-method="TC001_Verify_landingPageTitle">TC001_Verify_landingPageTitle</a> <!-- method navigator-link -->
                      </span>
                      <br/>
                      <span>
                        <img src="passed.png" width="3%"/>
                        <a href="#" panel-name="suite-Alkeon_Regression_Suite" title="com.qa.alkeon.tests.LoginPageTest" class="method navigator-link" hash-for-method="loginPageNavigationTest">loginPageNavigationTest</a> <!-- method navigator-link -->
                      </span>
                      <br/>
                    </div> <!-- method-list-content passed suite-Alkeon_Regression_Suite -->
                  </li>
                </ul>
              </div> <!-- suite-section-content -->
            </div> <!-- result-section -->
          </div> <!-- navigator-suite-content -->
        </div> <!-- rounded-window -->
      </div> <!-- suite -->
    </div> <!-- navigator-root -->
    <div class="wrapper">
      <div class="main-panel-root">
        <div panel-name="suite-Alkeon_Regression_Suite" class="panel Alkeon_Regression_Suite">
          <div class="suite-Alkeon_Regression_Suite-class-failed">
            <div class="main-panel-header rounded-window-top">
              <img src="failed.png"/>
              <span class="class-name">com.qa.alkeon.tests.LandingPageTest</span>
            </div> <!-- main-panel-header rounded-window-top -->
            <div class="main-panel-content rounded-window-bottom">
              <div class="method">
                <div class="method-content">
                  <a name="TC002_Verify_searchBrandOnLandingPage(adidas)">
                  </a> <!-- TC002_Verify_searchBrandOnLandingPage(adidas) -->
                  <span class="method-name">TC002_Verify_searchBrandOnLandingPage</span>
                  <span class="parameters">(adidas)</span>
                  <div class="stack-trace">java.lang.AssertionError: expected [true] but found [false]
	at org.testng.Assert.fail(Assert.java:99)
	at org.testng.Assert.failNotEquals(Assert.java:1037)
	at org.testng.Assert.assertEqualsImpl(Assert.java:140)
	at org.testng.Assert.assertEquals(Assert.java:122)
	at org.testng.Assert.assertEquals(Assert.java:819)
	at org.testng.Assert.assertEquals(Assert.java:829)
	at com.qa.alkeon.tests.LandingPageTest.TC002_Verify_searchBrandOnLandingPage(LandingPageTest.java:40)
	at java.base/jdk.internal.reflect.NativeMethodAccessorImpl.invoke0(Native Method)
	at java.base/jdk.internal.reflect.NativeMethodAccessorImpl.invoke(NativeMethodAccessorImpl.java:77)
	at java.base/jdk.internal.reflect.DelegatingMethodAccessorImpl.invoke(DelegatingMethodAccessorImpl.java:43)
	at java.base/java.lang.reflect.Method.invoke(Method.java:568)
	at org.testng.internal.MethodInvocationHelper.invokeMethod(MethodInvocationHelper.java:133)
	at org.testng.internal.TestInvoker.invokeMethod(TestInvoker.java:598)
	at org.testng.internal.TestInvoker.invokeTestMethod(TestInvoker.java:173)
	at org.testng.internal.MethodRunner.runInSequence(MethodRunner.java:46)
	at org.testng.internal.TestInvoker$MethodInvocationAgent.invoke(TestInvoker.java:824)
	at org.testng.internal.TestInvoker.invokeTestMethods(TestInvoker.java:146)
	at org.testng.internal.TestMethodWorker.invokeTestMethods(TestMethodWorker.java:146)
	at org.testng.internal.TestMethodWorker.run(TestMethodWorker.java:128)
	at java.base/java.util.ArrayList.forEach(ArrayList.java:1511)
	at org.testng.TestRunner.privateRun(TestRunner.java:794)
	at org.testng.TestRunner.run(TestRunner.java:596)
	at org.testng.SuiteRunner.runTest(SuiteRunner.java:377)
	at org.testng.SuiteRunner.access$000(SuiteRunner.java:28)
	at org.testng.SuiteRunner$SuiteWorker.run(SuiteRunner.java:418)
	at org.testng.internal.thread.ThreadUtil.lambda$execute$0(ThreadUtil.java:64)
	at java.base/java.util.concurrent.FutureTask.run(FutureTask.java:264)
	at java.base/java.util.concurrent.ThreadPoolExecutor.runWorker(ThreadPoolExecutor.java:1136)
	at java.base/java.util.concurrent.ThreadPoolExecutor$Worker.run(ThreadPoolExecutor.java:635)
	at java.base/java.lang.Thread.run(Thread.java:833)

</div> <!-- stack-trace -->
                </div> <!-- method-content -->
              </div> <!-- method -->
              <div class="method">
                <div class="method-content">
                  <a name="TC002_Verify_searchBrandOnLandingPage(Zivame)">
                  </a> <!-- TC002_Verify_searchBrandOnLandingPage(Zivame) -->
                  <span class="method-name">TC002_Verify_searchBrandOnLandingPage</span>
                  <span class="parameters">(Zivame)</span>
                  <div class="stack-trace">java.lang.AssertionError: expected [true] but found [false]
	at org.testng.Assert.fail(Assert.java:99)
	at org.testng.Assert.failNotEquals(Assert.java:1037)
	at org.testng.Assert.assertEqualsImpl(Assert.java:140)
	at org.testng.Assert.assertEquals(Assert.java:122)
	at org.testng.Assert.assertEquals(Assert.java:819)
	at org.testng.Assert.assertEquals(Assert.java:829)
	at com.qa.alkeon.tests.LandingPageTest.TC002_Verify_searchBrandOnLandingPage(LandingPageTest.java:40)
	at java.base/jdk.internal.reflect.NativeMethodAccessorImpl.invoke0(Native Method)
	at java.base/jdk.internal.reflect.NativeMethodAccessorImpl.invoke(NativeMethodAccessorImpl.java:77)
	at java.base/jdk.internal.reflect.DelegatingMethodAccessorImpl.invoke(DelegatingMethodAccessorImpl.java:43)
	at java.base/java.lang.reflect.Method.invoke(Method.java:568)
	at org.testng.internal.MethodInvocationHelper.invokeMethod(MethodInvocationHelper.java:133)
	at org.testng.internal.TestInvoker.invokeMethod(TestInvoker.java:598)
	at org.testng.internal.TestInvoker.invokeTestMethod(TestInvoker.java:173)
	at org.testng.internal.MethodRunner.runInSequence(MethodRunner.java:46)
	at org.testng.internal.TestInvoker$MethodInvocationAgent.invoke(TestInvoker.java:824)
	at org.testng.internal.TestInvoker.invokeTestMethods(TestInvoker.java:146)
	at org.testng.internal.TestMethodWorker.invokeTestMethods(TestMethodWorker.java:146)
	at org.testng.internal.TestMethodWorker.run(TestMethodWorker.java:128)
	at java.base/java.util.ArrayList.forEach(ArrayList.java:1511)
	at org.testng.TestRunner.privateRun(TestRunner.java:794)
	at org.testng.TestRunner.run(TestRunner.java:596)
	at org.testng.SuiteRunner.runTest(SuiteRunner.java:377)
	at org.testng.SuiteRunner.access$000(SuiteRunner.java:28)
	at org.testng.SuiteRunner$SuiteWorker.run(SuiteRunner.java:418)
	at org.testng.internal.thread.ThreadUtil.lambda$execute$0(ThreadUtil.java:64)
	at java.base/java.util.concurrent.FutureTask.run(FutureTask.java:264)
	at java.base/java.util.concurrent.ThreadPoolExecutor.runWorker(ThreadPoolExecutor.java:1136)
	at java.base/java.util.concurrent.ThreadPoolExecutor$Worker.run(ThreadPoolExecutor.java:635)
	at java.base/java.lang.Thread.run(Thread.java:833)

</div> <!-- stack-trace -->
                </div> <!-- method-content -->
              </div> <!-- method -->
            </div> <!-- main-panel-content rounded-window-bottom -->
          </div> <!-- suite-Alkeon_Regression_Suite-class-failed -->
          <div class="suite-Alkeon_Regression_Suite-class-failed">
            <div class="main-panel-header rounded-window-top">
              <img src="failed.png"/>
              <span class="class-name">com.qa.alkeon.tests.LoginPageTest</span>
            </div> <!-- main-panel-header rounded-window-top -->
            <div class="main-panel-content rounded-window-bottom">
              <div class="method">
                <div class="method-content">
                  <a name="loginTest">
                  </a> <!-- loginTest -->
                  <span class="method-name">loginTest</span>
                  <div class="stack-trace">com.microsoft.playwright.TimeoutError: Error {
  message=&apos;Timeout 30000ms exceeded.
=========================== logs ===========================
waiting for selector &quot;//div[text()=&apos;SIGN IN&apos;]&quot;
============================================================
  name=&apos;TimeoutError
  stack=&apos;TimeoutError: Timeout 30000ms exceeded.
=========================== logs ===========================
waiting for selector &quot;//div[text()=&apos;SIGN IN&apos;]&quot;
============================================================
    at ProgressController.run (/private/var/folders/y6/z2t9tm0143ddkd5fjlt2dfbh0000gn/T/playwright-java-9412065089847634609/package/lib/server/progress.js:96:26)
    at Frame.click (/private/var/folders/y6/z2t9tm0143ddkd5fjlt2dfbh0000gn/T/playwright-java-9412065089847634609/package/lib/server/frames.js:1158:23)
    at FrameDispatcher.click (/private/var/folders/y6/z2t9tm0143ddkd5fjlt2dfbh0000gn/T/playwright-java-9412065089847634609/package/lib/server/dispatchers/frameDispatcher.js:173:30)
    at DispatcherConnection.dispatch (/private/var/folders/y6/z2t9tm0143ddkd5fjlt2dfbh0000gn/T/playwright-java-9412065089847634609/package/lib/server/dispatchers/dispatcher.js:352:46)
}
	at com.microsoft.playwright.impl.WaitableResult.get(WaitableResult.java:52)
	at com.microsoft.playwright.impl.ChannelOwner.runUntil(ChannelOwner.java:103)
	at com.microsoft.playwright.impl.Connection.sendMessage(Connection.java:106)
	at com.microsoft.playwright.impl.ChannelOwner.sendMessage(ChannelOwner.java:94)
	at com.microsoft.playwright.impl.FrameImpl.clickImpl(FrameImpl.java:255)
	at com.microsoft.playwright.impl.PageImpl.lambda$click$17(PageImpl.java:626)
	at com.microsoft.playwright.impl.LoggingSupport.lambda$withLogging$0(LoggingSupport.java:36)
	at com.microsoft.playwright.impl.LoggingSupport.withLogging(LoggingSupport.java:47)
	at com.microsoft.playwright.impl.ChannelOwner.withLogging(ChannelOwner.java:79)
	at com.microsoft.playwright.impl.LoggingSupport.withLogging(LoggingSupport.java:35)
	at com.microsoft.playwright.impl.PageImpl.click(PageImpl.java:625)
	at com.microsoft.playwright.Page.click(Page.java:3370)
	at com.qa.alkeon.pages.LandingPage.clickSignInButton(LandingPage.java:29)
	at com.qa.alkeon.tests.LoginPageTest.loginTest(LoginPageTest.java:24)
	at java.base/jdk.internal.reflect.NativeMethodAccessorImpl.invoke0(Native Method)
	at java.base/jdk.internal.reflect.NativeMethodAccessorImpl.invoke(NativeMethodAccessorImpl.java:77)
	at java.base/jdk.internal.reflect.DelegatingMethodAccessorImpl.invoke(DelegatingMethodAccessorImpl.java:43)
	at java.base/java.lang.reflect.Method.invoke(Method.java:568)
	at org.testng.internal.MethodInvocationHelper.invokeMethod(MethodInvocationHelper.java:133)
	at org.testng.internal.TestInvoker.invokeMethod(TestInvoker.java:598)
	at org.testng.internal.TestInvoker.invokeTestMethod(TestInvoker.java:173)
	at org.testng.internal.MethodRunner.runInSequence(MethodRunner.java:46)
	at org.testng.internal.TestInvoker$MethodInvocationAgent.invoke(TestInvoker.java:824)
	at org.testng.internal.TestInvoker.invokeTestMethods(TestInvoker.java:146)
	at org.testng.internal.TestMethodWorker.invokeTestMethods(TestMethodWorker.java:146)
	at org.testng.internal.TestMethodWorker.run(TestMethodWorker.java:128)
	at java.base/java.util.ArrayList.forEach(ArrayList.java:1511)
	at org.testng.TestRunner.privateRun(TestRunner.java:794)
	at org.testng.TestRunner.run(TestRunner.java:596)
	at org.testng.SuiteRunner.runTest(SuiteRunner.java:377)
	at org.testng.SuiteRunner.access$000(SuiteRunner.java:28)
	at org.testng.SuiteRunner$SuiteWorker.run(SuiteRunner.java:418)
	at org.testng.internal.thread.ThreadUtil.lambda$execute$0(ThreadUtil.java:64)
	at java.base/java.util.concurrent.FutureTask.run(FutureTask.java:264)
	at java.base/java.util.concurrent.ThreadPoolExecutor.runWorker(ThreadPoolExecutor.java:1136)
	at java.base/java.util.concurrent.ThreadPoolExecutor$Worker.run(ThreadPoolExecutor.java:635)
	at java.base/java.lang.Thread.run(Thread.java:833)
Caused by: com.microsoft.playwright.TimeoutError: Error {
  message=&apos;Timeout 30000ms exceeded.
=========================== logs ===========================
waiting for selector &quot;//div[text()=&apos;SIGN IN&apos;]&quot;
============================================================
  name=&apos;TimeoutError
  stack=&apos;TimeoutError: Timeout 30000ms exceeded.
=========================== logs ===========================
waiting for selector &quot;//div[text()=&apos;SIGN IN&apos;]&quot;
============================================================
    at ProgressController.run (/private/var/folders/y6/z2t9tm0143ddkd5fjlt2dfbh0000gn/T/playwright-java-9412065089847634609/package/lib/server/progress.js:96:26)
    at Frame.click (/private/var/folders/y6/z2t9tm0143ddkd5fjlt2dfbh0000gn/T/playwright-java-9412065089847634609/package/lib/server/frames.js:1158:23)
    at FrameDispatcher.click (/private/var/folders/y6/z2t9tm0143ddkd5fjlt2dfbh0000gn/T/playwright-java-9412065089847634609/package/lib/server/dispatchers/frameDispatcher.js:173:30)
    at DispatcherConnection.dispatch (/private/var/folders/y6/z2t9tm0143ddkd5fjlt2dfbh0000gn/T/playwright-java-9412065089847634609/package/lib/server/dispatchers/dispatcher.js:352:46)
}
	at com.microsoft.playwright.impl.Connection.dispatch(Connection.java:186)
	at com.microsoft.playwright.impl.Connection.processOneMessage(Connection.java:168)
	at com.microsoft.playwright.impl.ChannelOwner.runUntil(ChannelOwner.java:101)
	... 35 more

</div> <!-- stack-trace -->
                </div> <!-- method-content -->
              </div> <!-- method -->
            </div> <!-- main-panel-content rounded-window-bottom -->
          </div> <!-- suite-Alkeon_Regression_Suite-class-failed -->
          <div class="suite-Alkeon_Regression_Suite-class-passed">
            <div class="main-panel-header rounded-window-top">
              <img src="passed.png"/>
              <span class="class-name">com.qa.alkeon.tests.LandingPageTest</span>
            </div> <!-- main-panel-header rounded-window-top -->
            <div class="main-panel-content rounded-window-bottom">
              <div class="method">
                <div class="method-content">
                  <a name="TC001_Verify_landingPageTitle">
                  </a> <!-- TC001_Verify_landingPageTitle -->
                  <span class="method-name">TC001_Verify_landingPageTitle</span>
                </div> <!-- method-content -->
              </div> <!-- method -->
            </div> <!-- main-panel-content rounded-window-bottom -->
          </div> <!-- suite-Alkeon_Regression_Suite-class-passed -->
          <div class="suite-Alkeon_Regression_Suite-class-passed">
            <div class="main-panel-header rounded-window-top">
              <img src="passed.png"/>
              <span class="class-name">com.qa.alkeon.tests.LoginPageTest</span>
            </div> <!-- main-panel-header rounded-window-top -->
            <div class="main-panel-content rounded-window-bottom">
              <div class="method">
                <div class="method-content">
                  <a name="loginPageNavigationTest">
                  </a> <!-- loginPageNavigationTest -->
                  <span class="method-name">loginPageNavigationTest</span>
                </div> <!-- method-content -->
              </div> <!-- method -->
            </div> <!-- main-panel-content rounded-window-bottom -->
          </div> <!-- suite-Alkeon_Regression_Suite-class-passed -->
        </div> <!-- panel Alkeon_Regression_Suite -->
        <div panel-name="test-xml-Alkeon_Regression_Suite" class="panel">
          <div class="main-panel-header rounded-window-top">
            <span class="header-content">/Users/amitkumar/playwright/BORN/src/test/resources/testrunners/regression.xml</span>
          </div> <!-- main-panel-header rounded-window-top -->
          <div class="main-panel-content rounded-window-bottom">
            <pre>
&lt;?xml version=&quot;1.0&quot; encoding=&quot;UTF-8&quot;?&gt;
&lt;!DOCTYPE suite SYSTEM &quot;https://testng.org/testng-1.0.dtd&quot;&gt;
&lt;suite thread-count=&quot;2&quot; parallel=&quot;tests&quot; name=&quot;Alkeon_Regression_Suite&quot; guice-stage=&quot;DEVELOPMENT&quot; verbose=&quot;4&quot;&gt;
  &lt;listeners&gt;
    &lt;listener class-name=&quot;com.qa.alkeon.listeners.ExtentReportListener&quot;/&gt;
  &lt;/listeners&gt;
  &lt;test thread-count=&quot;2&quot; parallel=&quot;tests&quot; name=&quot;Alkeon Landing Page Tests&quot; verbose=&quot;4&quot;&gt;
    &lt;classes&gt;
      &lt;class name=&quot;com.qa.alkeon.tests.LandingPageTest&quot;/&gt;
    &lt;/classes&gt;
  &lt;/test&gt; &lt;!-- Alkeon Landing Page Tests --&gt;
  &lt;test thread-count=&quot;2&quot; parallel=&quot;tests&quot; name=&quot;Alkeon Login Page Tests&quot; verbose=&quot;4&quot;&gt;
    &lt;classes&gt;
      &lt;class name=&quot;com.qa.alkeon.tests.LoginPageTest&quot;/&gt;
    &lt;/classes&gt;
  &lt;/test&gt; &lt;!-- Alkeon Login Page Tests --&gt;
&lt;/suite&gt; &lt;!-- Alkeon_Regression_Suite --&gt;
            </pre>
          </div> <!-- main-panel-content rounded-window-bottom -->
        </div> <!-- panel -->
        <div panel-name="testlist-Alkeon_Regression_Suite" class="panel">
          <div class="main-panel-header rounded-window-top">
            <span class="header-content">Tests for Alkeon_Regression_Suite</span>
          </div> <!-- main-panel-header rounded-window-top -->
          <div class="main-panel-content rounded-window-bottom">
            <ul>
              <li>
                <span class="test-name">Alkeon Landing Page Tests (1 class)</span>
              </li>
              <li>
                <span class="test-name">Alkeon Login Page Tests (1 class)</span>
              </li>
            </ul>
          </div> <!-- main-panel-content rounded-window-bottom -->
        </div> <!-- panel -->
        <div panel-name="group-Alkeon_Regression_Suite" class="panel">
          <div class="main-panel-header rounded-window-top">
            <span class="header-content">Groups for Alkeon_Regression_Suite</span>
          </div> <!-- main-panel-header rounded-window-top -->
          <div class="main-panel-content rounded-window-bottom">
          </div> <!-- main-panel-content rounded-window-bottom -->
        </div> <!-- panel -->
        <div panel-name="times-Alkeon_Regression_Suite" class="panel">
          <div class="main-panel-header rounded-window-top">
            <span class="header-content">Times for Alkeon_Regression_Suite</span>
          </div> <!-- main-panel-header rounded-window-top -->
          <div class="main-panel-content rounded-window-bottom">
            <div class="times-div">
              <script type="text/javascript">
suiteTableInitFunctions.push('tableData_Alkeon_Regression_Suite');
function tableData_Alkeon_Regression_Suite() {
var data = new google.visualization.DataTable();
data.addColumn('number', 'Number');
data.addColumn('string', 'Method');
data.addColumn('string', 'Class');
data.addColumn('number', 'Time (ms)');
data.addRows(5);
data.setCell(0, 0, 0)
data.setCell(0, 1, 'loginTest')
data.setCell(0, 2, 'com.qa.alkeon.tests.LoginPageTest')
data.setCell(0, 3, 30020);
data.setCell(1, 0, 1)
data.setCell(1, 1, 'TC002_Verify_searchBrandOnLandingPage')
data.setCell(1, 2, 'com.qa.alkeon.tests.LandingPageTest')
data.setCell(1, 3, 2135);
data.setCell(2, 0, 2)
data.setCell(2, 1, 'loginPageNavigationTest')
data.setCell(2, 2, 'com.qa.alkeon.tests.LoginPageTest')
data.setCell(2, 3, 1642);
data.setCell(3, 0, 3)
data.setCell(3, 1, 'TC002_Verify_searchBrandOnLandingPage')
data.setCell(3, 2, 'com.qa.alkeon.tests.LandingPageTest')
data.setCell(3, 3, 257);
data.setCell(4, 0, 4)
data.setCell(4, 1, 'TC001_Verify_landingPageTitle')
data.setCell(4, 2, 'com.qa.alkeon.tests.LandingPageTest')
data.setCell(4, 3, 63);
window.suiteTableData['Alkeon_Regression_Suite']= { tableData: data, tableDiv: 'times-div-Alkeon_Regression_Suite'}
return data;
}
              </script>
              <span class="suite-total-time">Total running time: 1 minutes</span>
              <div id="times-div-Alkeon_Regression_Suite">
              </div> <!-- times-div-Alkeon_Regression_Suite -->
            </div> <!-- times-div -->
          </div> <!-- main-panel-content rounded-window-bottom -->
        </div> <!-- panel -->
        <div panel-name="reporter-Alkeon_Regression_Suite" class="panel">
          <div class="main-panel-header rounded-window-top">
            <span class="header-content">Reporter output for Alkeon_Regression_Suite</span>
          </div> <!-- main-panel-header rounded-window-top -->
          <div class="main-panel-content rounded-window-bottom">
          </div> <!-- main-panel-content rounded-window-bottom -->
        </div> <!-- panel -->
        <div panel-name="ignored-methods-Alkeon_Regression_Suite" class="panel">
          <div class="main-panel-header rounded-window-top">
            <span class="header-content">0 ignored methods</span>
          </div> <!-- main-panel-header rounded-window-top -->
          <div class="main-panel-content rounded-window-bottom">
          </div> <!-- main-panel-content rounded-window-bottom -->
        </div> <!-- panel -->
        <div panel-name="chronological-Alkeon_Regression_Suite" class="panel">
          <div class="main-panel-header rounded-window-top">
            <span class="header-content">Methods in chronological order</span>
          </div> <!-- main-panel-header rounded-window-top -->
          <div class="main-panel-content rounded-window-bottom">
            <div class="chronological-class">
              <div class="chronological-class-name">com.qa.alkeon.tests.LandingPageTest</div> <!-- chronological-class-name -->
              <div class="configuration-test before">
                <span class="method-name">setup</span>
                <span class="method-start">0 ms</span>
              </div> <!-- configuration-test before -->
            </div> <!-- chronological-class -->
            <div class="chronological-class">
              <div class="chronological-class-name">com.qa.alkeon.tests.LoginPageTest</div> <!-- chronological-class-name -->
              <div class="configuration-test before">
                <span class="method-name">setup</span>
                <span class="method-start">0 ms</span>
              </div> <!-- configuration-test before -->
            </div> <!-- chronological-class -->
            <div class="chronological-class">
              <div class="chronological-class-name">com.qa.alkeon.tests.LandingPageTest</div> <!-- chronological-class-name -->
              <div class="test-method">
                <span class="method-name">TC001_Verify_landingPageTitle</span>
                <span class="method-start">60881 ms</span>
              </div> <!-- test-method -->
            </div> <!-- chronological-class -->
            <div class="chronological-class">
              <div class="chronological-class-name">com.qa.alkeon.tests.LoginPageTest</div> <!-- chronological-class-name -->
              <div class="test-method">
                <span class="method-name">loginPageNavigationTest</span>
                <span class="method-start">64761 ms</span>
              </div> <!-- test-method -->
            </div> <!-- chronological-class -->
            <div class="chronological-class">
              <div class="chronological-class-name">com.qa.alkeon.tests.LandingPageTest</div> <!-- chronological-class-name -->
              <div class="test-method">
                <img src="failed.png">
                </img>
                <span class="method-name">TC002_Verify_searchBrandOnLandingPage(Zivame)</span>
                <span class="method-start">65834 ms</span>
              </div> <!-- test-method -->
              <div class="test-method">
                <img src="failed.png">
                </img>
                <span class="method-name">TC002_Verify_searchBrandOnLandingPage(adidas)</span>
                <span class="method-start">67883 ms</span>
              </div> <!-- test-method -->
            </div> <!-- chronological-class -->
            <div class="chronological-class">
              <div class="chronological-class-name">com.qa.alkeon.tests.LoginPageTest</div> <!-- chronological-class-name -->
              <div class="test-method">
                <img src="failed.png">
                </img>
                <span class="method-name">loginTest</span>
                <span class="method-start">68736 ms</span>
              </div> <!-- test-method -->
            </div> <!-- chronological-class -->
            <div class="chronological-class">
              <div class="chronological-class-name">com.qa.alkeon.tests.LandingPageTest</div> <!-- chronological-class-name -->
              <div class="configuration-test after">
                <span class="method-name">tearDown</span>
                <span class="method-start">71601 ms</span>
              </div> <!-- configuration-test after -->
            </div> <!-- chronological-class -->
            <div class="chronological-class">
              <div class="chronological-class-name">com.qa.alkeon.tests.LoginPageTest</div> <!-- chronological-class-name -->
              <div class="configuration-test after">
                <span class="method-name">tearDown</span>
                <span class="method-start">99248 ms</span>
              </div> <!-- configuration-test after -->
          </div> <!-- main-panel-content rounded-window-bottom -->
        </div> <!-- panel -->
      </div> <!-- main-panel-root -->
    </div> <!-- wrapper -->
  </body>
<script type="text/javascript" src="testng-reports2.js"></script>
</html>
